#
# A fatal error has been detected by the Java Runtime Environment:
#
#  Internal Error (javaClasses.cpp:136), pid=7476, tid=7668
#  fatal error: Invalid layout of preloaded class
#
# JRE version:  (7.0_51-b13) (build )
# Java VM: Java HotSpot(TM) Client VM (24.51-b03 mixed mode windows-x86 )
# Failed to write core dump. Minidumps are not enabled by default on client versions of Windows
#
# If you would like to submit a bug report, please visit:
#   http://bugreport.sun.com/bugreport/crash.jsp
#

---------------  T H R E A D  ---------------

Current thread (0x00fbc000):  JavaThread "Unknown thread" [_thread_in_vm, id=7668, stack(0x00520000,0x00570000)]

Stack: [0x00520000,0x00570000],  sp=0x0056f624,  free space=317k
Native frames: (J=compiled Java code, j=interpreted, Vv=VM code, C=native code)
V  [jvm.dll+0x18e0f1]
V  [jvm.dll+0x187e66]
V  [jvm.dll+0x3586a]
V  [jvm.dll+0x358f6]
V  [jvm.dll+0x4400d]
V  [jvm.dll+0x442be]
V  [jvm.dll+0x9263a]
V  [jvm.dll+0x929eb]
V  [jvm.dll+0x13dc51]
V  [jvm.dll+0x16076c]
V  [jvm.dll+0xc8ebf]
C  [javaw.exe+0x13ce]
C  [javaw.exe+0x1e40]
C  [javaw.exe+0xa5b1]
C  [javaw.exe+0xa63b]
C  [kernel32.dll+0x1336a]
C  [ntdll.dll+0x39f72]
C  [ntdll.dll+0x39f45]


---------------  P R O C E S S  ---------------

Java Threads: ( => current thread )

Other Threads:

=>0x00fbc000 (exited) JavaThread "Unknown thread" [_thread_in_vm, id=7668, stack(0x00520000,0x00570000)]

VM state:not at safepoint (not fully initialized)

VM Mutex/Monitor currently owned by a thread: None

GC Heap History (0 events):
No events

Deoptimization events (0 events):
No events

Internal exceptions (0 events):
No events

Events (10 events):
Event: 0.006 loading class 0x00319030 done
Event: 0.006 loading class 0x00318ac0 done
Event: 0.006 loading class 0x00318aa0
Event: 0.006 loading class 0x0031fdc8
Event: 0.006 loading class 0x0031fdc8 done
Event: 0.006 loading class 0x0031fdf8
Event: 0.006 loading class 0x0031fdf8 done
Event: 0.006 loading class 0x0031fe28
Event: 0.006 loading class 0x0031fe28 done
Event: 0.006 loading class 0x00318aa0 done


Dynamic libraries:
0x01310000 - 0x0133f000 	C:\Program Files (x86)\Java\jre7\bin\javaw.exe
0x77ac0000 - 0x77c40000 	C:\Windows\SysWOW64\ntdll.dll
0x76380000 - 0x76490000 	C:\Windows\syswow64\kernel32.dll
0x77600000 - 0x77647000 	C:\Windows\syswow64\KERNELBASE.dll
0x76490000 - 0x76530000 	C:\Windows\syswow64\ADVAPI32.dll
0x75a90000 - 0x75b3c000 	C:\Windows\syswow64\msvcrt.dll
0x75a70000 - 0x75a89000 	C:\Windows\SysWOW64\sechost.dll
0x75820000 - 0x75910000 	C:\Windows\syswow64\RPCRT4.dll
0x754e0000 - 0x75540000 	C:\Windows\syswow64\SspiCli.dll
0x754d0000 - 0x754dc000 	C:\Windows\syswow64\CRYPTBASE.dll
0x76560000 - 0x76660000 	C:\Windows\syswow64\USER32.dll
0x76130000 - 0x761c0000 	C:\Windows\syswow64\GDI32.dll
0x76550000 - 0x7655a000 	C:\Windows\syswow64\LPK.dll
0x77490000 - 0x7752d000 	C:\Windows\syswow64\USP10.dll
0x72b30000 - 0x72cce000 	C:\Windows\WinSxS\x86_microsoft.windows.common-controls_6595b64144ccf1df_6.0.7601.17514_none_41e6975e2bd6f2b2\COMCTL32.dll
0x75e70000 - 0x75ec7000 	C:\Windows\syswow64\SHLWAPI.dll
0x75de0000 - 0x75e40000 	C:\Windows\system32\IMM32.DLL
0x77530000 - 0x775fc000 	C:\Windows\syswow64\MSCTF.dll
0x64cc0000 - 0x64d7f000 	C:\Program Files (x86)\Java\jre7\bin\msvcr100.dll
0x56280000 - 0x56600000 	C:\Program Files (x86)\Java\jre7\bin\client\jvm.dll
0x732e0000 - 0x732e7000 	C:\Windows\system32\WSOCK32.dll
0x77650000 - 0x77685000 	C:\Windows\syswow64\WS2_32.dll
0x75e60000 - 0x75e66000 	C:\Windows\syswow64\NSI.dll
0x735a0000 - 0x735d2000 	C:\Windows\system32\WINMM.dll
0x761c0000 - 0x761c5000 	C:\Windows\syswow64\PSAPI.DLL
0x72cf0000 - 0x72cfc000 	C:\Program Files (x86)\Java\jre7\bin\verify.dll
0x56960000 - 0x56980000 	C:\Program Files (x86)\Java\jre7\bin\java.dll
0x56940000 - 0x56953000 	C:\Program Files (x86)\Java\jre7\bin\zip.dll
0x705f0000 - 0x706db000 	C:\Windows\system32\dbghelp.dll

VM Arguments:
jvm_args: -Dfile.encoding=Cp1252 -Xbootclasspath:C:\Users\User\AppData\Local\Android\android-sdk\platforms\android-19\android.jar 
java_command: com.example.coachme.Testing
Launcher Type: SUN_STANDARD

Environment Variables:
PATH=C:/Program Files (x86)/Java/jre7/bin/client;C:/Program Files (x86)/Java/jre7/bin;C:/Program Files (x86)/Java/jre7/lib/i386;C:\Program Files\Common Files\Microsoft Shared\Windows Live;C:\Program Files (x86)\Common Files\Microsoft Shared\Windows Live;C:\Windows\system32;C:\Windows;C:\Windows\System32\Wbem;C:\Windows\System32\WindowsPowerShell\v1.0\;C:\Program Files (x86)\Windows Live\Shared;C:\Program Files\Intel\WiFi\bin\;C:\Program Files\Common Files\Intel\WirelessCommon\;C:\Program Files (x86)\Microsoft SQL Server\100\Tools\Binn\;C:\Program Files\Microsoft SQL Server\100\Tools\Binn\;C:\Program Files\Microsoft SQL Server\100\DTS\Binn\;C:\Program Files (x86)\Java\jre7\bin;C:\Program Files\eclipse;
USERNAME=User
OS=Windows_NT
PROCESSOR_IDENTIFIER=Intel64 Family 6 Model 42 Stepping 7, GenuineIntel



---------------  S Y S T E M  ---------------

OS: Windows 7 , 64 bit Build 7601 Service Pack 1

CPU:total 4 (2 cores per cpu, 2 threads per core) family 6 model 42 stepping 7, cmov, cx8, fxsr, mmx, sse, sse2, sse3, ssse3, sse4.1, sse4.2, popcnt, avx, ht, tsc, tscinvbit

Memory: 4k page, physical 8291468k(4045388k free), swap 16581072k(11384800k free)

vm_info: Java HotSpot(TM) Client VM (24.51-b03) for windows-x86 JRE (1.7.0_51-b13), built on Dec 18 2013 19:09:58 by "java_re" with unknown MS VC++:1600

time: Sun Mar 02 15:19:25 2014
elapsed time: 0 seconds

